  icode   ic inum1 inum2 inum3   subed  recmonps reccnstps  flow(m^3)   sed(t)      orgn(kg)    orgp(kg)    nitrate(kg) sol.p(kg)   sol.pst(mg) sor.pst(mg)
       1        1        1        0        0        0                         0.5817E+09  0.1145E+05  0.2292E+05  0.1138E+05  0.1398E+06  0.5839E+04  0.0000E+00  0.0000E+00
       1        2        2        0        0        0                         0.3987E+09  0.9906E+04  0.2113E+05  0.1224E+05  0.1477E+06  0.5404E+04  0.0000E+00  0.0000E+00
       1        3        3        0        0        0                         0.7121E+09  0.8338E+04  0.1302E+05  0.9314E+04  0.3026E+06  0.6365E+04  0.0000E+00  0.0000E+00
       1        4        4        0        0        0                         0.5865E+09  0.3885E+05  0.1799E+06  0.6283E+05  0.4129E+06  0.8320E+04  0.0000E+00  0.0000E+00
       1        5        5        0        0        0                         0.3272E+09  0.6115E+04  0.7379E+04  0.8264E+04  0.1147E+06  0.5084E+04  0.0000E+00  0.0000E+00
       1        6        6        0        0        0                         0.1093E+10  0.3710E+05  0.3042E+06  0.8748E+05  0.5058E+06  0.1504E+05  0.0000E+00  0.0000E+00
       1        7        7        0        0        0                         0.5557E+09  0.4801E+05  0.4961E+06  0.1264E+06  0.7327E+06  0.8720E+04  0.0000E+00  0.0000E+00
       1        8        8        0        0        0                         0.3734E+09  0.6698E+05  0.8798E+06  0.1995E+06  0.6706E+06  0.5201E+04  0.0000E+00  0.0000E+00
      11        9        1        0        0        0                   2p    0.0000E+00  0.0000E+00  0.0000E+00  0.0000E+00  0.0000E+00  0.0000E+00  0.0000E+00  0.0000E+00
       5       10        2        9        0        0                         0.3987E+09  0.9906E+04  0.2113E+05  0.1224E+05  0.1477E+06  0.5404E+04  0.0000E+00  0.0000E+00
       2       11        2       10        2        0                         0.3301E+09  0.9767E+04  0.1630E+05  0.7181E+04  0.1163E+06  0.7729E+04  0.0000E+00  0.0000E+00
       3       12        1       11        0        0                         0.7936E+09  0.2924E+07  0.2193E+04  0.6493E+03  0.1042E+05  0.7013E+03  0.0000E+00  0.0000E+00
       5       13        1       12        0        0                         0.1375E+10  0.2935E+07  0.2511E+05  0.1203E+05  0.1502E+06  0.6540E+04  0.0000E+00  0.0000E+00
      11       14        2        0        0        0                   1p    0.1624E+08  0.1696E+03  0.8471E+05  0.6968E+04  0.1811E+06  0.1006E+05  0.0000E+00  0.0000E+00
       5       15       13       14        0        0                         0.1392E+10  0.2936E+07  0.1098E+06  0.1900E+05  0.3313E+06  0.1660E+05  0.0000E+00  0.0000E+00
       2       16        1       15        1        0                         0.9313E+09  0.1342E+07  0.3692E+05  0.7406E+04  0.1602E+06  0.1032E+05  0.0000E+00  0.0000E+00
       3       17        2       16        0        0                         0.1124E+10  0.3912E+07  0.6538E+04  0.1091E+04  0.3064E+05  0.1365E+04  0.0000E+00  0.0000E+00
       5       18        3       17        0        0                         0.1836E+10  0.3921E+07  0.1956E+05  0.1040E+05  0.3332E+06  0.7730E+04  0.0000E+00  0.0000E+00
      11       19        3        0        0        0                   3p    0.1120E+09  0.4350E+03  0.3363E+05  0.2498E+05  0.6187E+05  0.3606E+05  0.0000E+00  0.0000E+00
       5       20       18       19        0        0                         0.1948E+10  0.3921E+07  0.5318E+05  0.3539E+05  0.3951E+06  0.4379E+05  0.0000E+00  0.0000E+00
       2       21        3       20        3        0                         0.1295E+10  0.1699E+07  0.2142E+05  0.1047E+05  0.2890E+06  0.1963E+05  0.0000E+00  0.0000E+00
       3       22        3       21        0        0                         0.1366E+10  0.4906E+07  0.1246E+05  0.4761E+04  0.1688E+06  0.8741E+04  0.0000E+00  0.0000E+00
      11       23        4        0        0        0                   5p    0.0000E+00  0.7353E+01  0.3564E+04  0.8980E+03  0.7593E+04  0.1296E+04  0.0000E+00  0.0000E+00
       5       24        5       23        0        0                         0.3272E+09  0.6122E+04  0.1094E+05  0.9162E+04  0.1223E+06  0.6379E+04  0.0000E+00  0.0000E+00
       2       25        5       24        5        0                         0.2770E+09  0.5995E+04  0.6659E+04  0.5034E+04  0.8931E+05  0.7112E+04  0.0000E+00  0.0000E+00
       3       26        4       25        0        0                         0.4509E+09  0.1721E+07  0.1453E+04  0.8708E+03  0.1375E+05  0.1267E+04  0.0000E+00  0.0000E+00
      11       27        5        0        0        0                   7p    0.0000E+00  0.0000E+00  0.1002E+05  0.2880E+04  0.2135E+05  0.4155E+04  0.0000E+00  0.0000E+00
       5       28        7       27        0        0                         0.5557E+09  0.4801E+05  0.5061E+06  0.1292E+06  0.7540E+06  0.1288E+05  0.0000E+00  0.0000E+00
       2       29        7       28        7        0                         0.4293E+09  0.4432E+05  0.3702E+06  0.7576E+05  0.6171E+06  0.2255E+05  0.0000E+00  0.0000E+00
      11       30        6        0        0        0                   8p    0.3381E+08  0.1671E+03  0.2231E+06  0.6488E+04  0.4770E+06  0.9365E+04  0.0000E+00  0.0000E+00
       5       31        8       30        0        0                         0.4072E+09  0.6715E+05  0.1103E+07  0.2060E+06  0.1148E+07  0.1457E+05  0.0000E+00  0.0000E+00
       2       32        8       31        8        0                         0.2967E+09  0.6520E+05  0.7175E+06  0.1297E+06  0.6551E+06  0.1637E+05  0.0000E+00  0.0000E+00
       3       33        5       32        0        0                         0.4081E+09  0.1593E+07  0.2616E+06  0.3609E+05  0.2127E+06  0.4323E+04  0.0000E+00  0.0000E+00
       5       34        6       29        0        0                         0.1523E+10  0.8142E+05  0.6744E+06  0.1632E+06  0.1123E+07  0.3759E+05  0.0000E+00  0.0000E+00
       5       35       34       33        0        0                         0.1931E+10  0.1674E+07  0.9360E+06  0.1993E+06  0.1336E+07  0.4192E+05  0.0000E+00  0.0000E+00
      11       36        7        0        0        0                   6p    0.2464E+07  0.3824E+02  0.1167E+05  0.2166E+04  0.2155E+05  0.3126E+04  0.0000E+00  0.0000E+00
       5       37       35       36        0        0                         0.1933E+10  0.1674E+07  0.9477E+06  0.2015E+06  0.1357E+07  0.4504E+05  0.0000E+00  0.0000E+00
       2       38        6       37        6        0                         0.1576E+10  0.1569E+07  0.6699E+06  0.1172E+06  0.1118E+07  0.8231E+05  0.0000E+00  0.0000E+00
       3       39        6       38        0        0                         0.1701E+10  0.5724E+07  0.4335E+06  0.6710E+05  0.7516E+06  0.4877E+05  0.0000E+00  0.0000E+00
       5       40        4       22        0        0                         0.1952E+10  0.4945E+07  0.1924E+06  0.6759E+05  0.5817E+06  0.1706E+05  0.0000E+00  0.0000E+00
       5       41       40       26        0        0                         0.2403E+10  0.6666E+07  0.1938E+06  0.6846E+05  0.5954E+06  0.1833E+05  0.0000E+00  0.0000E+00
       5       42       41       39        0        0                         0.4104E+10  0.1239E+08  0.6273E+06  0.1356E+06  0.1347E+07  0.6710E+05  0.0000E+00  0.0000E+00
      11       43        8        0        0        0                   4p    0.2830E+08  0.1355E+03  0.9062E+05  0.1058E+05  0.1845E+06  0.1528E+05  0.0000E+00  0.0000E+00
       5       44       42       43        0        0                         0.4133E+10  0.1239E+08  0.7180E+06  0.1461E+06  0.1532E+07  0.8238E+05  0.0000E+00  0.0000E+00
       2       45        4       44        4        0                         0.3551E+10  0.4922E+07  0.5075E+06  0.8560E+05  0.1265E+07  0.9549E+05  0.0000E+00  0.0000E+00
      14       45        1        0        0        0                         0.3551E+10  0.4922E+07  0.5075E+06  0.8560E+05  0.1265E+07  0.9549E+05  0.0000E+00  0.0000E+00
